?   	github.com/hugokessem/coreio	[no test files]
?   	github.com/hugokessem/coreio/core	[no test files]
?   	github.com/hugokessem/coreio/core/internal	[no test files]
?   	github.com/hugokessem/coreio/ips	[no test files]
?   	github.com/hugokessem/coreio/ips/internal	[no test files]
=== RUN   TestIntegrationAccountLookup
--- PASS: TestIntegrationAccountLookup (1.80s)
PASS
ok  	github.com/hugokessem/coreio/lib/core/account_lookup	1.816s
=== RUN   TestIntegrationFundTransfer
    fund_transfer_integration_test.go:52: [DEBIT.THEIR.REF:1:1=TOO MANY CHARACTERS]
    fund_transfer_integration_test.go:57: 
        	Error Trace:	/home/jeo/Development/eagle/cbe/core/coreio/lib/core/fund_transfer/fund_transfer_integration_test.go:57
        	Error:      	Should be true
        	Test:       	TestIntegrationFundTransfer
    fund_transfer_integration_test.go:58: 
        	Error Trace:	/home/jeo/Development/eagle/cbe/core/coreio/lib/core/fund_transfer/fund_transfer_integration_test.go:58
        	Error:      	Expected value not to be nil.
        	Test:       	TestIntegrationFundTransfer
    fund_transfer_integration_test.go:65: Expected Detail to be non-nil
--- FAIL: TestIntegrationFundTransfer (2.52s)
FAIL
FAIL	github.com/hugokessem/coreio/lib/core/fund_transfer	2.531s
=== RUN   TestIntegrationLockedAmount
    locked_amount_create_integration_test.go:39: 
        	Error Trace:	/home/jeo/Development/eagle/cbe/core/coreio/lib/core/locked_amount/locked_amount_create/locked_amount_create_integration_test.go:39
        	Error:      	Received unexpected error:
        	            	Post "https://devapisuperapp.cbe.com.et/superapp/parser/proxy/CBESUPERAPP/services?target=http%3A%2F%2F10.1.15.195%3A8080&wsdl=null": read tcp 192.168.1.221:48406->197.156.127.112:443: read: connection reset by peer
        	Test:       	TestIntegrationLockedAmount
    locked_amount_create_integration_test.go:40: 
        	Error Trace:	/home/jeo/Development/eagle/cbe/core/coreio/lib/core/locked_amount/locked_amount_create/locked_amount_create_integration_test.go:40
        	Error:      	Expected value not to be nil.
        	Test:       	TestIntegrationLockedAmount
--- FAIL: TestIntegrationLockedAmount (7.96s)
panic: runtime error: invalid memory address or nil pointer dereference [recovered, repanicked]
[signal SIGSEGV: segmentation violation code=0x1 addr=0x40 pc=0x6ac071]

goroutine 21 [running]:
testing.tRunner.func1.2({0x742120, 0xa69df0})
	/usr/local/go/src/testing/testing.go:1872 +0x237
testing.tRunner.func1()
	/usr/local/go/src/testing/testing.go:1875 +0x35b
panic({0x742120?, 0xa69df0?})
	/usr/local/go/src/runtime/panic.go:783 +0x132
github.com/hugokessem/coreio/lib/core/locked_amount/locked_amount_create.TestIntegrationLockedAmount(0xc000103180)
	/home/jeo/Development/eagle/cbe/core/coreio/lib/core/locked_amount/locked_amount_create/locked_amount_create_integration_test.go:41 +0x311
testing.tRunner(0xc000103180, 0x7c4530)
	/usr/local/go/src/testing/testing.go:1934 +0xea
created by testing.(*T).Run in goroutine 1
	/usr/local/go/src/testing/testing.go:1997 +0x465
FAIL	github.com/hugokessem/coreio/lib/core/locked_amount/locked_amount_create	7.968s
=== RUN   TestIntegrationLockedAmountFt
--- PASS: TestIntegrationLockedAmountFt (5.05s)
PASS
ok  	github.com/hugokessem/coreio/lib/core/locked_amount/locked_amount_ft	5.060s
=== RUN   TestIntegrationLockedAmount
    locked_amount_list_integration_test.go:35: 
        	Error Trace:	/home/jeo/Development/eagle/cbe/core/coreio/lib/core/locked_amount/locked_amount_list/locked_amount_list_integration_test.go:35
        	Error:      	Received unexpected error:
        	            	Post "https://devapisuperapp.cbe.com.et/superapp/parser/proxy/CBESUPERAPP/services?target=http%3A%2F%2F10.1.15.195%3A8080&wsdl=null": read tcp 192.168.1.221:48418->197.156.127.112:443: read: connection reset by peer
        	Test:       	TestIntegrationLockedAmount
    locked_amount_list_integration_test.go:36: 
        	Error Trace:	/home/jeo/Development/eagle/cbe/core/coreio/lib/core/locked_amount/locked_amount_list/locked_amount_list_integration_test.go:36
        	Error:      	Expected value not to be nil.
        	Test:       	TestIntegrationLockedAmount
--- FAIL: TestIntegrationLockedAmount (7.96s)
panic: runtime error: invalid memory address or nil pointer dereference [recovered, repanicked]
[signal SIGSEGV: segmentation violation code=0x1 addr=0x40 pc=0x6ae0d1]

goroutine 8 [running]:
testing.tRunner.func1.2({0x744260, 0xa6cdf0})
	/usr/local/go/src/testing/testing.go:1872 +0x237
testing.tRunner.func1()
	/usr/local/go/src/testing/testing.go:1875 +0x35b
panic({0x744260?, 0xa6cdf0?})
	/usr/local/go/src/runtime/panic.go:783 +0x132
github.com/hugokessem/coreio/lib/core/locked_amount/locked_amount_list.TestIntegrationLockedAmount(0xc0000ac8c0)
	/home/jeo/Development/eagle/cbe/core/coreio/lib/core/locked_amount/locked_amount_list/locked_amount_list_integration_test.go:37 +0x411
testing.tRunner(0xc0000ac8c0, 0x7c6660)
	/usr/local/go/src/testing/testing.go:1934 +0xea
created by testing.(*T).Run in goroutine 1
	/usr/local/go/src/testing/testing.go:1997 +0x465
FAIL	github.com/hugokessem/coreio/lib/core/locked_amount/locked_amount_list	7.969s
=== RUN   TestIntegrationLockedAmount
    locked_amount_release_integration_test.go:35: 
        	Error Trace:	/home/jeo/Development/eagle/cbe/core/coreio/lib/core/locked_amount/locked_amount_release/locked_amount_release_integration_test.go:35
        	Error:      	Received unexpected error:
        	            	Post "https://devapisuperapp.cbe.com.et/superapp/parser/proxy/CBESUPERAPP/services?target=http%3A%2F%2F10.1.15.195%3A8080&wsdl=null": read tcp 192.168.1.221:48422->197.156.127.112:443: read: connection reset by peer
        	Test:       	TestIntegrationLockedAmount
    locked_amount_release_integration_test.go:36: 
        	Error Trace:	/home/jeo/Development/eagle/cbe/core/coreio/lib/core/locked_amount/locked_amount_release/locked_amount_release_integration_test.go:36
        	Error:      	Expected value not to be nil.
        	Test:       	TestIntegrationLockedAmount
--- FAIL: TestIntegrationLockedAmount (7.96s)
panic: runtime error: invalid memory address or nil pointer dereference [recovered, repanicked]
[signal SIGSEGV: segmentation violation code=0x1 addr=0x40 pc=0x6abf51]

goroutine 21 [running]:
testing.tRunner.func1.2({0x7420e0, 0xa69df0})
	/usr/local/go/src/testing/testing.go:1872 +0x237
testing.tRunner.func1()
	/usr/local/go/src/testing/testing.go:1875 +0x35b
panic({0x7420e0?, 0xa69df0?})
	/usr/local/go/src/runtime/panic.go:783 +0x132
github.com/hugokessem/coreio/lib/core/locked_amount/locked_amount_release.TestIntegrationLockedAmount(0xc000183180)
	/home/jeo/Development/eagle/cbe/core/coreio/lib/core/locked_amount/locked_amount_release/locked_amount_release_integration_test.go:37 +0x411
testing.tRunner(0xc000183180, 0x7c42b0)
	/usr/local/go/src/testing/testing.go:1934 +0xea
created by testing.(*T).Run in goroutine 1
	/usr/local/go/src/testing/testing.go:1997 +0x465
FAIL	github.com/hugokessem/coreio/lib/core/locked_amount/locked_amount_release	7.973s
=== RUN   TestIntegrationMiniStatement
    mini_statement_by_date_range_integration_test.go:51: &{[{01 JAN 20 DESC TT20001YXSWL\KH1 01 JAN 20 -14,000.00} {    } {02 JAN 20 DESC TT200027SXXF\KH1 02 JAN 20 -600.00} {    } {03 JAN 20 DESC TT20003WSL9G\EDN 03 JAN 20 -1,000.00} {    } {03 JAN 20 DESC TT20003JV5MW\KH1 03 JAN 20 -2,000.00} {    } {03 JAN 20 DESC TT20003G4X1N\KH1 03 JAN 20 -1,000.00} {    } {03 JAN 20 DESC FT20003X9G3F\BNK 03 JAN 20 2,663.40} {    }]}
--- PASS: TestIntegrationMiniStatement (1.84s)
PASS
ok  	github.com/hugokessem/coreio/lib/core/mini_statement/mini_statement_by_date_range	1.842s
=== RUN   TestIntegrationMiniStatement
--- PASS: TestIntegrationMiniStatement (1.95s)
PASS
ok  	github.com/hugokessem/coreio/lib/core/mini_statement/mini_statement_by_limit	1.957s
=== RUN   TestIntegrationRevertFundTransfer
    revert_fund_transfer_integration_test.go:48: 
        	Error Trace:	/home/jeo/Development/eagle/cbe/core/coreio/lib/core/revert_fund_transfer/revert_fund_transfer_integration_test.go:48
        	Error:      	Should be true
        	Test:       	TestIntegrationRevertFundTransfer
    revert_fund_transfer_integration_test.go:49: 
        	Error Trace:	/home/jeo/Development/eagle/cbe/core/coreio/lib/core/revert_fund_transfer/revert_fund_transfer_integration_test.go:49
        	Error:      	Expected value not to be nil.
        	Test:       	TestIntegrationRevertFundTransfer
    revert_fund_transfer_integration_test.go:56: Expected Detail to be non-nil
--- FAIL: TestIntegrationRevertFundTransfer (2.74s)
FAIL
FAIL	github.com/hugokessem/coreio/lib/core/revert_fund_transfer	2.750s
=== RUN   TestIntegrationCreateStandingOrder
    standing_order_cancel_integration_test.go:49: result: &{false <nil> [API returned failure]}
    standing_order_cancel_integration_test.go:50: 
        	Error Trace:	/home/jeo/Development/eagle/cbe/core/coreio/lib/core/standing_order/standing_order_cancel/standing_order_cancel_integration_test.go:50
        	Error:      	Should be true
        	Test:       	TestIntegrationCreateStandingOrder
    standing_order_cancel_integration_test.go:51: 
        	Error Trace:	/home/jeo/Development/eagle/cbe/core/coreio/lib/core/standing_order/standing_order_cancel/standing_order_cancel_integration_test.go:51
        	Error:      	Expected value not to be nil.
        	Test:       	TestIntegrationCreateStandingOrder
    standing_order_cancel_integration_test.go:58: Expected Detail to be non-nil
--- FAIL: TestIntegrationCreateStandingOrder (2.52s)
FAIL
FAIL	github.com/hugokessem/coreio/lib/core/standing_order/standing_order_cancel	2.531s
=== RUN   TestIntegrationCreateStandingOrder
    standing_order_create_integration_test.go:54: result: &{FI AC ETB 124.00 20220512 e0Y e0M e1W e0D e0F 20260101 1000357597823 20220512 1000000006924 35}
--- PASS: TestIntegrationCreateStandingOrder (6.16s)
PASS
ok  	github.com/hugokessem/coreio/lib/core/standing_order/standing_order_create	6.169s
=== RUN   TestIntegrationLockedAmount
    standing_order_list_integration_test.go:49: []
    standing_order_list_integration_test.go:51: 
        	Error Trace:	/home/jeo/Development/eagle/cbe/core/coreio/lib/core/standing_order/standing_order_list/standing_order_list_integration_test.go:51
        	Error:      	"0" is not greater than "0"
        	Test:       	TestIntegrationLockedAmount
    standing_order_list_integration_test.go:56: Expected Detail to be non-nil
--- FAIL: TestIntegrationLockedAmount (1.11s)
FAIL
FAIL	github.com/hugokessem/coreio/lib/core/standing_order/standing_order_list	1.120s
=== RUN   TestIntegrationUpdateStandingOrder
    standing_order_update_integration_test.go:55: result: &{false <nil> [API returned failure]}
    standing_order_update_integration_test.go:56: 
        	Error Trace:	/home/jeo/Development/eagle/cbe/core/coreio/lib/core/standing_order/standing_order_update/standing_order_update_integration_test.go:56
        	Error:      	Should be true
        	Test:       	TestIntegrationUpdateStandingOrder
    standing_order_update_integration_test.go:57: 
        	Error Trace:	/home/jeo/Development/eagle/cbe/core/coreio/lib/core/standing_order/standing_order_update/standing_order_update_integration_test.go:57
        	Error:      	Expected value not to be nil.
        	Test:       	TestIntegrationUpdateStandingOrder
    standing_order_update_integration_test.go:64: Expected Detail to be non-nil
--- FAIL: TestIntegrationUpdateStandingOrder (2.71s)
FAIL
FAIL	github.com/hugokessem/coreio/lib/core/standing_order/standing_order_update	2.715s
testing: warning: no tests to run
PASS
ok  	github.com/hugokessem/coreio/lib/ips/account_lookup	0.006s [no tests to run]
testing: warning: no tests to run
PASS
ok  	github.com/hugokessem/coreio/lib/ips/fund_transfer	0.004s [no tests to run]
=== RUN   TestIntegrationAgentAccountLookup
    account_lookup_integration_test.go:57: Parsing error: expected element type <Envelope> but have <errorResponse>
    account_lookup_integration_test.go:58: Response data: <?xml version="1.0" encoding="UTF-8"?>
        <errorResponse>
          <httpCode>401</httpCode>
          <httpMessage>Unauthorized</httpMessage>
          <moreInformation>Cannot pass the security checks that are required by the target API or operation, Enable debug headers for more details.</moreInformation>
        </errorResponse>
    account_lookup_integration_test.go:60: 
        	Error Trace:	/home/jeo/Development/eagle/cbe/core/coreio/lib/wallet/cbe_birr/agent/account_lookup/account_lookup_integration_test.go:60
        	Error:      	Received unexpected error:
        	            	expected element type <Envelope> but have <errorResponse>
        	Test:       	TestIntegrationAgentAccountLookup
    account_lookup_integration_test.go:62: Expected result to be non-nil
--- FAIL: TestIntegrationAgentAccountLookup (0.09s)
FAIL
FAIL	github.com/hugokessem/coreio/lib/wallet/cbe_birr/agent/account_lookup	0.096s
=== RUN   TestIntegrationAgentFundTransfer
    fund_transfer_integration_test.go:61: 
        	Error Trace:	/home/jeo/Development/eagle/cbe/core/coreio/lib/wallet/cbe_birr/agent/fund_transfer/fund_transfer_integration_test.go:61
        	Error:      	Received unexpected error:
        	            	expected element type <Envelope> but have <errorResponse>
        	Test:       	TestIntegrationAgentFundTransfer
    fund_transfer_integration_test.go:62: 
        	Error Trace:	/home/jeo/Development/eagle/cbe/core/coreio/lib/wallet/cbe_birr/agent/fund_transfer/fund_transfer_integration_test.go:62
        	Error:      	Expected value not to be nil.
        	Test:       	TestIntegrationAgentFundTransfer
        	Messages:   	Expected result to be non-nil
    fund_transfer_integration_test.go:65: Expected result to be non-nil
--- FAIL: TestIntegrationAgentFundTransfer (0.08s)
FAIL
FAIL	github.com/hugokessem/coreio/lib/wallet/cbe_birr/agent/fund_transfer	0.085s
=== RUN   TestIntegrationCustomerAccountLookup
    account_lookup_integration_test.go:57: Parsing error: expected element type <Envelope> but have <errorResponse>
    account_lookup_integration_test.go:58: Response data: <?xml version="1.0" encoding="UTF-8"?>
        <errorResponse>
          <httpCode>401</httpCode>
          <httpMessage>Unauthorized</httpMessage>
          <moreInformation>Cannot pass the security checks that are required by the target API or operation, Enable debug headers for more details.</moreInformation>
        </errorResponse>
    account_lookup_integration_test.go:60: 
        	Error Trace:	/home/jeo/Development/eagle/cbe/core/coreio/lib/wallet/cbe_birr/customer/account_lookup/account_lookup_integration_test.go:60
        	Error:      	Received unexpected error:
        	            	expected element type <Envelope> but have <errorResponse>
        	Test:       	TestIntegrationCustomerAccountLookup
    account_lookup_integration_test.go:62: Expected result to be non-nil
--- FAIL: TestIntegrationCustomerAccountLookup (0.09s)
FAIL
FAIL	github.com/hugokessem/coreio/lib/wallet/cbe_birr/customer/account_lookup	0.099s
=== RUN   TestIntegrationCustomerFundTransfer
    fund_transfer_integration_test.go:57: responseData <?xml version="1.0" encoding="UTF-8"?>
        <errorResponse>
          <httpCode>401</httpCode>
          <httpMessage>Unauthorized</httpMessage>
          <moreInformation>Cannot pass the security checks that are required by the target API or operation, Enable debug headers for more details.</moreInformation>
        </errorResponse>
    fund_transfer_integration_test.go:62: result <nil>
    fund_transfer_integration_test.go:63: 
        	Error Trace:	/home/jeo/Development/eagle/cbe/core/coreio/lib/wallet/cbe_birr/customer/fund_transfer/fund_transfer_integration_test.go:63
        	Error:      	Received unexpected error:
        	            	expected element type <Envelope> but have <errorResponse>
        	Test:       	TestIntegrationCustomerFundTransfer
    fund_transfer_integration_test.go:64: 
        	Error Trace:	/home/jeo/Development/eagle/cbe/core/coreio/lib/wallet/cbe_birr/customer/fund_transfer/fund_transfer_integration_test.go:64
        	Error:      	Expected value not to be nil.
        	Test:       	TestIntegrationCustomerFundTransfer
        	Messages:   	Expected result to be non-nil
    fund_transfer_integration_test.go:67: Expected result to be non-nil
--- FAIL: TestIntegrationCustomerFundTransfer (0.08s)
FAIL
FAIL	github.com/hugokessem/coreio/lib/wallet/cbe_birr/customer/fund_transfer	0.082s
?   	github.com/hugokessem/coreio/lib/wallet/yaya/account_lookup	[no test files]
?   	github.com/hugokessem/coreio/lib/wallet/yaya/fund_transfer	[no test files]
?   	github.com/hugokessem/coreio/utils	[no test files]
?   	github.com/hugokessem/coreio/wallet	[no test files]
?   	github.com/hugokessem/coreio/wallet/internal	[no test files]
FAIL
